{"D:\\Practice\\string-calculator\\src\\string-calculator.ts": {"path":"D:\\Practice\\string-calculator\\src\\string-calculator.ts","all":false,"statementMap":{"0":{"start":{"line":1,"column":0},"end":{"line":1,"column":67}},"2":{"start":{"line":3,"column":0},"end":{"line":3,"column":28}},"3":{"start":{"line":4,"column":0},"end":{"line":4,"column":13}},"4":{"start":{"line":5,"column":0},"end":{"line":5,"column":3}},"6":{"start":{"line":7,"column":0},"end":{"line":7,"column":11}},"7":{"start":{"line":8,"column":0},"end":{"line":8,"column":2}}},"s":{"0":1,"2":1,"3":1,"4":1,"6":0,"7":0},"branchMap":{"0":{"type":"branch","line":1,"loc":{"start":{"line":1,"column":32},"end":{"line":8,"column":2}},"locations":[{"start":{"line":1,"column":32},"end":{"line":8,"column":2}}]},"1":{"type":"branch","line":5,"loc":{"start":{"line":5,"column":2},"end":{"line":8,"column":2}},"locations":[{"start":{"line":5,"column":2},"end":{"line":8,"column":2}}]}},"b":{"0":[1],"1":[0]},"fnMap":{"0":{"name":"StringCalculator","decl":{"start":{"line":1,"column":32},"end":{"line":8,"column":2}},"loc":{"start":{"line":1,"column":32},"end":{"line":8,"column":2}},"line":1}},"f":{"0":1}}
}
